{"message":"select * from \"cards\" - relation \"cards\" does not exist","level":"error"}
{"message":"brand is required","level":"error"}
{"message":"Card with id 4 created","level":"info"}
{"message":"Card with id 4 deleted.","level":"info"}
{"message":"Set with id 3 created.","level":"info"}
{"message":"Set with id 3 deleted.","level":"info"}
{"message":"Set with id 1 created.","level":"info"}
{"message":"Set with id 123 not found.","level":"error"}
{"message":"Set with id 2 deleted.","level":"info"}
{"message":"Set with id 1 created.","level":"info"}
{"message":"Set with id 123 not found.","level":"error"}
{"message":"Set with id 2 deleted.","level":"info"}
{"message":"Set with id 1 created.","level":"info"}
{"message":"Set with id 123 not found.","level":"error"}
{"message":"Set with id 2 deleted.","level":"info"}
{"message":"Set with id 1 created.","level":"info"}
{"message":"Set with id 123 not found.","level":"error"}
{"message":"Set with id 2 deleted.","level":"info"}
{"message":"Set with id 1 created.","level":"info"}
{"message":"Set with id 123 not found.","level":"error"}
{"message":"Set with id 2 deleted.","level":"info"}
{"message":"Card with id 1 created","level":"info"}
{"message":"Card with id 123 not found.","level":"error"}
{"message":"Card with id 2 deleted.","level":"info"}
{"message":"Set with id 1 created.","level":"info"}
{"message":"Set with id 123 not found.","level":"error"}
{"message":"Set with id 2 deleted.","level":"info"}
